<?xml version="1.0" encoding="UTF-8"?>
<!-- Generated by org.testng.reporters.JUnitReportReporter -->
<testsuite skipped="0" hostname="NETWORK-UNO" name="com.qatest.ale.TaskOneSwdPartTwo" tests="2" failures="0" timestamp="2023-06-08T11:29:23 GMT-06:00" time="0.499" errors="0">
  <testcase name="HelpForm" time="0.480" classname="com.qatest.ale.TaskOneSwdPartTwo"/>
  <system-out/>
  <testcase name="isTimer" time="0.019" classname="com.qatest.ale.TaskOneSwdPartTwo"/>
  <system-out/>
</testsuite> <!-- com.qatest.ale.TaskOneSwdPartTwo -->
