<?xml version="1.0" encoding="UTF-8"?>
<!-- Generated by org.testng.reporters.JUnitReportReporter -->
<testsuite skipped="0" hostname="NETWORK-UNO" name="com.project.framework.BaseForm" tests="1" failures="0" timestamp="2023-06-10T19:57:11 GMT-06:00" time="0.012" errors="0">
  <testcase name="MainPage" time="0.012" classname="com.project.framework.BaseForm"/>
  <system-out/>
</testsuite> <!-- com.project.framework.BaseForm -->
