<?xml version="1.0" encoding="UTF-8"?>
<!-- Generated by org.testng.reporters.JUnitReportReporter -->
<testsuite skipped="0" hostname="NETWORK-UNO" name="com.project.framework.BaseElementWrong" tests="2" failures="0" timestamp="2023-06-09T22:57:55 GMT-06:00" time="0.266" errors="0">
  <testcase name="MainPage" time="0.023" classname="com.project.framework.BaseElementWrong"/>
  <system-out/>
  <testcase name="HelpForm" time="0.243" classname="com.project.framework.BaseElementWrong"/>
  <system-out/>
</testsuite> <!-- com.project.framework.BaseElementWrong -->
