<?xml version="1.0" encoding="UTF-8"?>
<!-- Generated by org.testng.reporters.JUnitReportReporter -->
<testsuite skipped="0" hostname="NETWORK-UNO" name="com.project.framework.NewTestTwo" tests="3" failures="0" timestamp="2023-06-12T21:52:25 GMT-06:00" time="0.553" errors="0">
  <testcase name="HelpForm" time="0.492" classname="com.project.framework.NewTestTwo"/>
  <system-out/>
  <testcase name="isTimer" time="0.017" classname="com.project.framework.NewTestTwo"/>
  <system-out/>
  <testcase name="MailForm" time="0.044" classname="com.project.framework.NewTestTwo"/>
  <system-out/>
</testsuite> <!-- com.project.framework.NewTestTwo -->
