<?xml version="1.0" encoding="UTF-8"?>
<!-- Generated by org.testng.reporters.JUnitReportReporter -->
<testsuite skipped="0" hostname="NETWORK-UNO" name="com.qatest.ale.SearchTest" tests="2" failures="0" timestamp="2023-05-25T00:39:11 GMT-06:00" time="2.589" errors="0">
  <testcase name="homePageTest" time="0.016" classname="com.qatest.ale.SearchTest"/>
  <system-out/>
  <testcase name="searchPanelField" time="2.573" classname="com.qatest.ale.SearchTest"/>
  <system-out/>
</testsuite> <!-- com.qatest.ale.SearchTest -->
