<?xml version="1.0" encoding="UTF-8"?>
<!-- Generated by org.testng.reporters.JUnitReportReporter -->
<testsuite skipped="0" hostname="NETWORK-UNO" name="com.qatest.ale.HomePageTest" tests="1" failures="0" timestamp="2023-05-17T11:42:30 GMT-06:00" time="0.017" errors="0">
  <testcase name="homePageGoogle" time="0.017" classname="com.qatest.ale.HomePageTest"/>
  <system-out/>
</testsuite> <!-- com.qatest.ale.HomePageTest -->
