<?xml version="1.0" encoding="UTF-8"?>
<!-- Generated by org.testng.reporters.JUnitReportReporter -->
<testsuite skipped="0" hostname="NETWORK-UNO" name="com.project.framework.Button" tests="4" failures="0" timestamp="2023-06-13T11:32:46 GMT-06:00" time="5.996" errors="0">
  <testcase name="PasswordForm" time="0.558" classname="com.project.framework.Button"/>
  <system-out/>
  <testcase name="HelpForm" time="5.401" classname="com.project.framework.Button"/>
  <system-out/>
  <testcase name="isTimer" time="0.023" classname="com.project.framework.Button"/>
  <system-out/>
  <testcase name="MainPage" time="0.014" classname="com.project.framework.Button"/>
  <system-out/>
</testsuite> <!-- com.project.framework.Button -->
