<?xml version="1.0" encoding="UTF-8"?>
<!-- Generated by org.testng.reporters.JUnitReportReporter -->
<testsuite skipped="0" hostname="NETWORK-UNO" name="com.qatest.ale.TaskSwdPartOne" tests="3" failures="0" timestamp="2023-05-25T10:53:37 GMT-06:00" time="0.589" errors="0">
  <testcase name="MainPage" time="0.007" classname="com.qatest.ale.TaskSwdPartOne"/>
  <system-out/>
  <testcase name="ClickHere" time="0.328" classname="com.qatest.ale.TaskSwdPartOne"/>
  <system-out/>
  <testcase name="HelpResponse" time="0.254" classname="com.qatest.ale.TaskSwdPartOne"/>
  <system-out/>
</testsuite> <!-- com.qatest.ale.TaskSwdPartOne -->
