<?xml version="1.0" encoding="UTF-8"?>
<!-- Generated by org.testng.reporters.JUnitReportReporter -->
<testsuite skipped="0" hostname="NETWORK-UNO" name="com.qatest.ale.HelpForm" tests="3" failures="0" timestamp="2023-05-25T01:30:19 GMT-06:00" time="0.610" errors="0">
  <testcase name="ClickHere" time="0.494" classname="com.qatest.ale.HelpForm"/>
  <system-out/>
  <testcase name="MainPage" time="0.008" classname="com.qatest.ale.HelpForm"/>
  <system-out/>
  <testcase name="HelpResponse" time="0.108" classname="com.qatest.ale.HelpForm"/>
  <system-out/>
</testsuite> <!-- com.qatest.ale.HelpForm -->
