<?xml version="1.0" encoding="UTF-8"?>
<!-- Generated by org.testng.reporters.JUnitReportReporter -->
<testsuite skipped="0" hostname="NETWORK-UNO" name="com.qatest.ale.BaseFormFake" tests="1" failures="0" timestamp="2023-06-01T23:19:43 GMT-06:00" time="0.036" errors="0">
  <testcase name="MainPage" time="0.036" classname="com.qatest.ale.BaseFormFake"/>
  <system-out/>
</testsuite> <!-- com.qatest.ale.BaseFormFake -->
