<?xml version="1.0" encoding="UTF-8"?>
<!-- Generated by org.testng.reporters.JUnitReportReporter -->
<testsuite skipped="0" hostname="NETWORK-UNO" name="com.qatest.ale.GoogleSearch" tests="2" failures="0" timestamp="2023-05-13T22:44:01 GMT-06:00" time="0.471" errors="0">
  <testcase name="searchPanelField" time="0.440" classname="com.qatest.ale.GoogleSearch"/>
  <system-out/>
  <testcase name="homePageTest" time="0.031" classname="com.qatest.ale.GoogleSearch"/>
  <system-out/>
</testsuite> <!-- com.qatest.ale.GoogleSearch -->
